Task A arrived at 0
Task A finished at 3
Task B arrived at 7
Task C arrived at 10
Task D arrived at 10
Task B blocked at 11
Task C blocked at 12
Task B unblocked at 14
Task D blocked at 15
Task C unblocked at 16
Task B blocked at 17
Task C blocked at 20
Task E arrived at 20
Task E finished at 21
Task B unblocked at 27
Task B blocked at 28
Task C unblocked at 28
Task D unblocked at 30
Task C blocked at 31
Task D blocked at 32
Task F arrived at 33
Task F blocked at 37
Task C unblocked at 37
Task C blocked at 41
Task G arrived at 42
Task F unblocked at 44
Task H arrived at 45
Task G blocked at 46
Task B unblocked at 48
Task D unblocked at 49
Task G unblocked at 49
Task F blocked at 50
Task C unblocked at 52
Task H blocked at 54
Task B blocked at 55
Task H unblocked at 58
Task I arrived at 58
Task J arrived at 58
Task D blocked at 59
Task F unblocked at 59
Task G blocked at 63
Task C blocked at 65
Task K arrived at 68
Task H blocked at 69
Task I blocked at 71
Task C unblocked at 72
Task J blocked at 74
Task L arrived at 76
Task F blocked at 77
Task B unblocked at 77
Task J unblocked at 77
Task K blocked at 78
Task D unblocked at 78
Task G unblocked at 78
Task C finished at 80
Task L blocked at 81
Task M arrived at 81
Task B blocked at 82
Task J blocked at 84
Task D finished at 87
Task B unblocked at 90
Task G blocked at 91
Task F unblocked at 92
Task H unblocked at 92
Task K unblocked at 92
Task N arrived at 92
Task M blocked at 95
Task I unblocked at 95
Task J unblocked at 96
Task M unblocked at 98
Task B blocked at 99
Task G unblocked at 100
Task F blocked at 101
Task L unblocked at 102
Task H blocked at 103
Task O arrived at 103
Task K finished at 107
Task N blocked at 109
Task F unblocked at 110
Task P arrived at 110
Task I blocked at 111
Task I unblocked at 113
Task Q arrived at 114
Task J blocked at 115
Task M blocked at 116
Task R arrived at 116
Task G blocked at 118
Task H unblocked at 119
Task S arrived at 119
Task L blocked at 120
Task J unblocked at 120
Task O blocked at 121
Task F blocked at 125
Task N unblocked at 126
Task B unblocked at 127
Task L unblocked at 127
Task T arrived at 127
Task P blocked at 129
Task M unblocked at 129
Task I blocked at 132
Task G unblocked at 132
Task U arrived at 132
Task O unblocked at 134
Task F unblocked at 135
Task Q blocked at 136
Task R finished at 137
Task P unblocked at 138
Task H blocked at 139
Task V arrived at 139
Task I unblocked at 141
Task S finished at 142
Task J blocked at 144
Task H unblocked at 147
Task J unblocked at 147
Task N blocked at 148
Task B finished at 149
Task W arrived at 152
Task L blocked at 153
Task T blocked at 157
Task Q unblocked at 158
Task M blocked at 159
Task X arrived at 159
Task G finished at 161
Task U blocked at 164
Task N unblocked at 166
Task T unblocked at 167
Task O blocked at 168
Task M unblocked at 171
Task Y arrived at 171
Task F blocked at 172
Task L unblocked at 172
Task P blocked at 173
Task O unblocked at 173
Task U unblocked at 173
Task V blocked at 176
Task I blocked at 179
Task H blocked at 180
Task I unblocked at 182
Task P unblocked at 182
Task Z arrived at 183
Task J blocked at 184
Task F unblocked at 187
Task W blocked at 188
Task V unblocked at 190
Task Q blocked at 191
Task W unblocked at 191
Task X blocked at 195
Task N blocked at 196
Task X unblocked at 196
Task T blocked at 197
Task J unblocked at 197
Task M blocked at 198
Task H unblocked at 198
Task Y blocked at 202
Task L blocked at 203
Task M unblocked at 206
Task O blocked at 207
Task U blocked at 208
Task I blocked at 211
Task N unblocked at 213
Task U unblocked at 214
Task Y unblocked at 214
Task P blocked at 215
Task T unblocked at 216
Task Z blocked at 218
Task P unblocked at 218
Task Q unblocked at 218
Task F finished at 219
Task O unblocked at 219
Task V blocked at 220
Task W finished at 221
Task L unblocked at 221
Task X finished at 223
Task Z unblocked at 224
Task J finished at 226
Task H blocked at 227
Task M blocked at 230
Task N blocked at 232
Task I unblocked at 232
Task U blocked at 234
Task Y blocked at 235
Task H unblocked at 238
Task T blocked at 239
Task M unblocked at 240
Task U unblocked at 240
Task P blocked at 243
Task V unblocked at 243
Task N unblocked at 244
Task T unblocked at 246
Task Q finished at 247
Task P unblocked at 249
Task O blocked at 251
Task L blocked at 255
Task Y unblocked at 257
Task Z blocked at 258
Task I blocked at 260
Task H blocked at 262
Task M blocked at 263
Task L unblocked at 263
Task O unblocked at 263
Task U blocked at 267
Task V blocked at 270
Task N blocked at 271
Task U unblocked at 273
Task T blocked at 274
Task V unblocked at 274
Task Z unblocked at 275
Task H unblocked at 276
Task I unblocked at 276
Task M unblocked at 277
Task P blocked at 278
Task Y finished at 279
Task N unblocked at 280
Task L blocked at 283
Task O blocked at 284
Task U blocked at 285
Task V blocked at 289
Task P unblocked at 289
Task T unblocked at 289
Task U unblocked at 290
Task L unblocked at 291
Task Z blocked at 292
Task H blocked at 294
Task H unblocked at 295
Task I blocked at 296
Task M blocked at 297
Task N blocked at 298
Task Z unblocked at 299
Task P finished at 300
Task I unblocked at 303
Task T blocked at 304
Task U blocked at 308
Task M unblocked at 309
Task O unblocked at 309
Task V unblocked at 311
Task L finished at 312
Task N unblocked at 313
Task H finished at 315
Task T unblocked at 315
Task Z blocked at 317
Task I blocked at 318
Task I unblocked at 321
Task U unblocked at 321
Task M blocked at 322
Task O blocked at 325
Task V blocked at 326
Task M unblocked at 326
Task N blocked at 328
Task T blocked at 330
Task I finished at 332
Task U blocked at 335
Task T unblocked at 335
Task M finished at 336
Task U unblocked at 336
Task T blocked at 337
Task O unblocked at 337
Task V unblocked at 337
Task U blocked at 339
Task Z unblocked at 339
Task O blocked at 340
Task V blocked at 341
Task N unblocked at 344
Task Z blocked at 345
Task T unblocked at 345
Task N finished at 347
Task Z unblocked at 348
Task T blocked at 351
Task U unblocked at 351
Task Z blocked at 352
Task U finished at 356
Task O unblocked at 360
Task O finished at 361
Task V unblocked at 364
Task V finished at 365
Task T unblocked at 365
Task T finished at 369
Task Z unblocked at 370
Task Z blocked at 372
Task Z unblocked at 381
Task Z blocked at 383
Task Z unblocked at 392
Task Z finished at 396
Task A: priority=3, start=0, finish=3, deadline=3, runtime=3, blocktime=0, switches=1, bursts=1
Task B: priority=0, start=7, finish=149, deadline=133, runtime=14, blocktime=91, switches=13, bursts=7
Task C: priority=3, start=10, finish=80, deadline=71, runtime=15, blocktime=36, switches=11, bursts=6
Task D: priority=2, start=10, finish=87, deadline=84, runtime=11, blocktime=51, switches=7, bursts=4
Task E: priority=1, start=20, finish=21, deadline=21, runtime=1, blocktime=0, switches=1, bursts=1
Task F: priority=2, start=33, finish=219, deadline=137, runtime=22, blocktime=65, switches=13, bursts=7
Task G: priority=2, start=42, finish=161, deadline=110, runtime=16, blocktime=41, switches=9, bursts=5
Task H: priority=1, start=45, finish=315, deadline=184, runtime=21, blocktime=95, switches=17, bursts=9
Task I: priority=1, start=58, finish=332, deadline=184, runtime=20, blocktime=85, switches=17, bursts=9
Task J: priority=3, start=58, finish=226, deadline=122, runtime=18, blocktime=36, switches=11, bursts=6
Task K: priority=3, start=68, finish=107, deadline=90, runtime=5, blocktime=14, switches=3, bursts=2
Task L: priority=0, start=76, finish=312, deadline=197, runtime=20, blocktime=81, switches=13, bursts=7
Task M: priority=3, start=81, finish=336, deadline=193, runtime=18, blocktime=76, switches=17, bursts=9
Task N: priority=2, start=92, finish=347, deadline=234, runtime=15, blocktime=104, switches=15, bursts=8
Task O: priority=0, start=103, finish=361, deadline=244, runtime=19, blocktime=99, switches=15, bursts=8
Task P: priority=3, start=110, finish=300, deadline=178, runtime=19, blocktime=38, switches=11, bursts=6
Task Q: priority=0, start=114, finish=247, deadline=186, runtime=11, blocktime=49, switches=5, bursts=3
Task R: priority=0, start=116, finish=137, deadline=117, runtime=1, blocktime=0, switches=1, bursts=1
Task S: priority=3, start=119, finish=142, deadline=122, runtime=3, blocktime=0, switches=1, bursts=1
Task T: priority=2, start=127, finish=369, deadline=266, runtime=27, blocktime=89, switches=17, bursts=9
Task U: priority=3, start=132, finish=356, deadline=230, runtime=24, blocktime=58, switches=17, bursts=9
Task V: priority=1, start=139, finish=365, deadline=272, runtime=14, blocktime=97, switches=13, bursts=7
Task W: priority=3, start=152, finish=221, deadline=161, runtime=5, blocktime=3, switches=3, bursts=2
Task X: priority=0, start=159, finish=223, deadline=167, runtime=6, blocktime=1, switches=3, bursts=2
Task Y: priority=1, start=171, finish=279, deadline=219, runtime=6, blocktime=34, switches=5, bursts=3
Task Z: priority=1, start=183, finish=396, deadline=321, runtime=24, blocktime=91, switches=17, bursts=9
