Task A arrived at 0
Task A finished at 3
Task B arrived at 7
Task C arrived at 10
Task D arrived at 10
Task C blocked at 11
Task D blocked at 14
Task B blocked at 15
Task C unblocked at 15
Task C blocked at 18
Task B unblocked at 18
Task B blocked at 20
Task E arrived at 20
Task E finished at 21
Task C unblocked at 26
Task C blocked at 29
Task D unblocked at 29
Task D blocked at 30
Task B unblocked at 30
Task B blocked at 31
Task F arrived at 33
Task C unblocked at 35
Task C blocked at 39
Task F blocked at 41
Task G arrived at 42
Task H arrived at 45
Task G blocked at 46
Task D unblocked at 47
Task F unblocked at 48
Task G unblocked at 49
Task C unblocked at 50
Task B unblocked at 51
Task C blocked at 52
Task D blocked at 58
Task I arrived at 58
Task J arrived at 58
Task C unblocked at 59
Task C finished at 62
Task J blocked at 63
Task F blocked at 64
Task G blocked at 66
Task J unblocked at 66
Task J blocked at 68
Task K arrived at 68
Task K blocked at 69
Task I blocked at 72
Task F unblocked at 73
Task F blocked at 76
Task L arrived at 76
Task H blocked at 77
Task D unblocked at 77
Task D finished at 80
Task J unblocked at 80
Task G unblocked at 81
Task H unblocked at 81
Task M arrived at 81
Task K unblocked at 83
Task J blocked at 89
Task M blocked at 91
Task F unblocked at 91
Task K finished at 92
Task N arrived at 92
Task J unblocked at 94
Task M unblocked at 94
Task M blocked at 95
Task I unblocked at 96
Task J blocked at 97
Task F blocked at 99
Task J unblocked at 100
Task O arrived at 103
Task J blocked at 104
Task N blocked at 105
Task G blocked at 107
Task F unblocked at 108
Task M unblocked at 108
Task M blocked at 110
Task P arrived at 110
Task P blocked at 114
Task Q arrived at 114
Task G unblocked at 116
Task R arrived at 116
Task J unblocked at 117
Task S arrived at 119
Task J finished at 121
Task M unblocked at 122
Task N unblocked at 122
Task M blocked at 123
Task P unblocked at 123
Task P blocked at 124
Task S finished at 125
Task T arrived at 127
Task G blocked at 128
Task F blocked at 131
Task M unblocked at 131
Task U arrived at 132
Task P unblocked at 133
Task M blocked at 137
Task U blocked at 138
Task V arrived at 139
Task P blocked at 141
Task F unblocked at 141
Task G unblocked at 142
Task P unblocked at 144
Task M unblocked at 147
Task U unblocked at 147
Task M blocked at 148
Task P blocked at 149
Task U blocked at 150
Task N blocked at 152
Task W arrived at 152
Task P unblocked at 155
Task U unblocked at 156
Task W blocked at 157
Task X arrived at 159
Task W unblocked at 160
Task U blocked at 161
Task P blocked at 162
Task M unblocked at 162
Task M blocked at 163
Task W finished at 164
Task G finished at 166
Task T blocked at 167
Task U unblocked at 167
Task N unblocked at 170
Task U blocked at 171
Task Y arrived at 171
Task N blocked at 172
Task P unblocked at 173
Task P finished at 175
Task M unblocked at 175
Task T unblocked at 177
Task U unblocked at 177
Task U blocked at 178
Task M blocked at 180
Task T blocked at 181
Task F blocked at 183
Task U unblocked at 183
Task Z arrived at 183
Task M unblocked at 184
Task M finished at 185
Task U blocked at 188
Task N unblocked at 189
Task N blocked at 191
Task I blocked at 195
Task I unblocked at 197
Task F unblocked at 198
Task F finished at 199
Task T unblocked at 200
Task U unblocked at 201
Task N unblocked at 203
Task U blocked at 204
Task N blocked at 205
Task U unblocked at 205
Task U blocked at 207
Task T blocked at 210
Task V blocked at 211
Task Z blocked at 213
Task N unblocked at 214
Task N blocked at 215
Task Y blocked at 216
Task T unblocked at 217
Task U unblocked at 219
Task Z unblocked at 219
Task U finished at 223
Task T blocked at 224
Task V unblocked at 225
Task I blocked at 227
Task H blocked at 228
Task Y unblocked at 228
Task V blocked at 229
Task N unblocked at 230
Task N blocked at 232
Task Y blocked at 233
Task Z blocked at 234
Task L blocked at 235
Task I unblocked at 236
Task I blocked at 239
Task T unblocked at 239
Task I unblocked at 242
Task T blocked at 243
Task I blocked at 246
Task R finished at 247
Task B blocked at 248
Task N unblocked at 248
Task N finished at 250
Task H unblocked at 251
Task Z unblocked at 251
Task V unblocked at 252
Task T unblocked at 254
Task Y unblocked at 255
Task T blocked at 256
Task L unblocked at 256
Task H blocked at 258
Task Z blocked at 260
Task V blocked at 261
Task T unblocked at 261
Task T blocked at 262
Task Y finished at 263
Task O blocked at 265
Task V unblocked at 265
Task I unblocked at 267
Task Z unblocked at 267
Task B unblocked at 270
Task T unblocked at 270
Task T blocked at 274
Task H unblocked at 274
Task I blocked at 275
Task V blocked at 277
Task H blocked at 278
Task O unblocked at 278
Task Z blocked at 279
Task B blocked at 282
Task Q blocked at 284
Task L blocked at 286
Task H unblocked at 286
Task H blocked at 287
Task T unblocked at 288
Task B unblocked at 290
Task I unblocked at 291
Task T finished at 292
Task L unblocked at 293
Task I blocked at 294
Task X blocked at 299
Task V unblocked at 299
Task V blocked at 300
Task X unblocked at 300
Task I unblocked at 301
Task Z unblocked at 301
Task I blocked at 303
Task H unblocked at 305
Task H blocked at 306
Task I unblocked at 306
Task Q unblocked at 306
Task Z blocked at 308
Task I finished at 309
Task O blocked at 310
Task V unblocked at 311
Task Z unblocked at 311
Task Z blocked at 312
Task V blocked at 313
Task O unblocked at 315
Task H unblocked at 317
Task H blocked at 319
Task L blocked at 322
Task B blocked at 323
Task X finished at 325
Task Q blocked at 327
Task O blocked at 328
Task Z unblocked at 330
Task Z blocked at 332
Task H unblocked at 333
Task H blocked at 335
Task H unblocked at 336
Task V unblocked at 336
Task V finished at 337
Task H finished at 340
Task O unblocked at 340
Task L unblocked at 341
Task Z unblocked at 341
Task Z blocked at 343
Task L blocked at 344
Task O blocked at 347
Task B unblocked at 351
Task B finished at 352
Task Z unblocked at 352
Task Q unblocked at 354
Task Z finished at 356
Task O unblocked at 359
Task O blocked at 360
Task Q finished at 361
Task L unblocked at 362
Task L blocked at 366
Task L unblocked at 374
Task L blocked at 378
Task O unblocked at 385
Task L unblocked at 386
Task O blocked at 390
Task L finished at 392
Task O unblocked at 402
Task O blocked at 403
Task O unblocked at 423
Task O finished at 424
Task A: priority=3, start=0, finish=3, deadline=3, runtime=3, blocktime=0, switches=1, bursts=1
Task B: priority=0, start=7, finish=352, deadline=133, runtime=14, blocktime=91, switches=17, bursts=7
Task C: priority=3, start=10, finish=62, deadline=71, runtime=15, blocktime=36, switches=12, bursts=6
Task D: priority=2, start=10, finish=80, deadline=84, runtime=11, blocktime=51, switches=10, bursts=4
Task E: priority=1, start=20, finish=21, deadline=21, runtime=1, blocktime=0, switches=1, bursts=1
Task F: priority=2, start=33, finish=199, deadline=137, runtime=22, blocktime=65, switches=22, bursts=7
Task G: priority=2, start=42, finish=166, deadline=110, runtime=16, blocktime=41, switches=15, bursts=5
Task H: priority=1, start=45, finish=340, deadline=184, runtime=21, blocktime=95, switches=25, bursts=9
Task I: priority=1, start=58, finish=309, deadline=184, runtime=20, blocktime=85, switches=23, bursts=9
Task J: priority=3, start=58, finish=121, deadline=122, runtime=18, blocktime=36, switches=17, bursts=6
Task K: priority=3, start=68, finish=92, deadline=90, runtime=5, blocktime=14, switches=6, bursts=2
Task L: priority=0, start=76, finish=392, deadline=197, runtime=20, blocktime=81, switches=19, bursts=7
Task M: priority=3, start=81, finish=185, deadline=193, runtime=18, blocktime=76, switches=23, bursts=9
Task N: priority=2, start=92, finish=250, deadline=234, runtime=15, blocktime=104, switches=19, bursts=8
Task O: priority=0, start=103, finish=424, deadline=244, runtime=19, blocktime=99, switches=24, bursts=8
Task P: priority=3, start=110, finish=175, deadline=178, runtime=19, blocktime=38, switches=16, bursts=6
Task Q: priority=0, start=114, finish=361, deadline=186, runtime=11, blocktime=49, switches=11, bursts=3
Task R: priority=0, start=116, finish=247, deadline=117, runtime=1, blocktime=0, switches=1, bursts=1
Task S: priority=3, start=119, finish=125, deadline=122, runtime=3, blocktime=0, switches=3, bursts=1
Task T: priority=2, start=127, finish=292, deadline=266, runtime=27, blocktime=89, switches=22, bursts=9
Task U: priority=3, start=132, finish=223, deadline=230, runtime=24, blocktime=58, switches=21, bursts=9
Task V: priority=1, start=139, finish=337, deadline=272, runtime=14, blocktime=97, switches=19, bursts=7
Task W: priority=3, start=152, finish=164, deadline=161, runtime=5, blocktime=3, switches=4, bursts=2
Task X: priority=0, start=159, finish=325, deadline=167, runtime=6, blocktime=1, switches=7, bursts=2
Task Y: priority=1, start=171, finish=263, deadline=219, runtime=6, blocktime=34, switches=8, bursts=3
Task Z: priority=1, start=183, finish=356, deadline=321, runtime=24, blocktime=91, switches=26, bursts=9
