Task A arrived at 0
Task A finished at 3
Task B arrived at 7
Task C arrived at 10
Task D arrived at 10
Task C blocked at 11
Task B blocked at 12
Task D blocked at 15
Task B unblocked at 15
Task C unblocked at 15
Task B blocked at 19
Task C blocked at 20
Task E arrived at 20
Task E finished at 21
Task C unblocked at 28
Task B unblocked at 29
Task B blocked at 30
Task D unblocked at 30
Task D blocked at 31
Task C blocked at 33
Task F arrived at 33
Task F blocked at 37
Task C unblocked at 39
Task G arrived at 42
Task C blocked at 44
Task F unblocked at 44
Task H arrived at 45
Task D unblocked at 48
Task B unblocked at 50
Task G blocked at 53
Task C unblocked at 55
Task F blocked at 56
Task G unblocked at 56
Task H blocked at 57
Task I arrived at 58
Task J arrived at 58
Task B blocked at 60
Task H unblocked at 61
Task D blocked at 63
Task F unblocked at 65
Task I blocked at 66
Task C blocked at 68
Task K arrived at 68
Task K blocked at 72
Task J blocked at 74
Task C unblocked at 75
Task H blocked at 76
Task L arrived at 76
Task J unblocked at 77
Task L blocked at 79
Task C finished at 81
Task M arrived at 81
Task G blocked at 82
Task B unblocked at 82
Task D unblocked at 82
Task F blocked at 84
Task J blocked at 86
Task K unblocked at 86
Task B blocked at 87
Task I unblocked at 90
Task N arrived at 92
Task D finished at 94
Task B unblocked at 95
Task M blocked at 96
Task G unblocked at 97
Task J unblocked at 98
Task N blocked at 99
Task F unblocked at 99
Task H unblocked at 99
Task M unblocked at 99
Task L unblocked at 100
Task K finished at 101
Task O arrived at 103
Task M blocked at 105
Task O blocked at 110
Task P arrived at 110
Task H blocked at 111
Task L blocked at 112
Task B blocked at 114
Task Q arrived at 114
Task F blocked at 115
Task N unblocked at 116
Task R arrived at 116
Task M unblocked at 118
Task L unblocked at 119
Task S arrived at 119
Task I blocked at 120
Task R finished at 121
Task J blocked at 122
Task I unblocked at 122
Task O unblocked at 123
Task F unblocked at 124
Task H unblocked at 127
Task J unblocked at 127
Task T arrived at 127
Task G blocked at 128
Task U arrived at 132
Task G unblocked at 137
Task V arrived at 139
Task M blocked at 141
Task Q blocked at 142
Task B unblocked at 142
Task S finished at 145
Task H blocked at 146
Task J blocked at 147
Task J unblocked at 150
Task B finished at 152
Task W arrived at 152
Task M unblocked at 153
Task L blocked at 154
Task H unblocked at 154
Task N blocked at 158
Task I blocked at 159
Task X arrived at 159
Task M blocked at 162
Task H blocked at 163
Task G blocked at 164
Task Q unblocked at 164
Task V blocked at 165
Task I unblocked at 168
Task F blocked at 170
Task M unblocked at 170
Task Y arrived at 171
Task L unblocked at 173
Task O blocked at 175
Task N unblocked at 176
Task U blocked at 177
Task P blocked at 178
Task G unblocked at 178
Task V unblocked at 179
Task T blocked at 180
Task F unblocked at 180
Task O unblocked at 180
Task H unblocked at 181
Task Z arrived at 183
Task N blocked at 184
Task U unblocked at 186
Task P unblocked at 187
Task V blocked at 188
Task T unblocked at 190
Task L blocked at 191
Task X blocked at 193
Task X unblocked at 194
Task W blocked at 195
Task U blocked at 196
Task P blocked at 197
Task Q blocked at 198
Task W unblocked at 198
Task T blocked at 199
Task H blocked at 200
Task N unblocked at 201
Task U unblocked at 202
Task I blocked at 203
Task G finished at 204
Task W finished at 205
Task I unblocked at 206
Task P unblocked at 206
Task J blocked at 207
Task L unblocked at 209
Task X finished at 210
Task H unblocked at 211
Task V unblocked at 211
Task Z blocked at 217
Task U blocked at 218
Task T unblocked at 218
Task J unblocked at 220
Task Z unblocked at 223
Task U unblocked at 224
Task O blocked at 225
Task Q unblocked at 225
Task H blocked at 229
Task Y blocked at 231
Task I blocked at 233
Task N blocked at 236
Task O unblocked at 237
Task M blocked at 238
Task V blocked at 239
Task P blocked at 242
Task H unblocked at 243
Task V unblocked at 243
Task Y unblocked at 243
Task P unblocked at 245
Task F blocked at 247
Task M unblocked at 248
Task N unblocked at 248
Task Y blocked at 252
Task I unblocked at 254
Task T blocked at 255
Task Z blocked at 256
Task N blocked at 257
Task H blocked at 259
Task H unblocked at 260
Task F unblocked at 262
Task T unblocked at 262
Task M blocked at 265
Task Q finished at 266
Task N unblocked at 266
Task L blocked at 268
Task F finished at 269
Task I blocked at 270
Task J finished at 271
Task N blocked at 272
Task Z unblocked at 273
Task O blocked at 274
Task Y unblocked at 274
Task L unblocked at 276
Task H finished at 279
Task M unblocked at 279
Task P blocked at 281
Task U blocked at 282
Task M blocked at 284
Task I unblocked at 286
Task O unblocked at 286
Task N unblocked at 287
Task P unblocked at 287
Task Z blocked at 288
Task U unblocked at 288
Task T blocked at 289
Task O blocked at 290
Task V blocked at 293
Task Y finished at 294
Task Z unblocked at 295
Task N blocked at 296
Task M unblocked at 296
Task U blocked at 297
Task U unblocked at 302
Task Z blocked at 303
Task T unblocked at 304
Task I blocked at 307
Task P blocked at 310
Task L blocked at 311
Task M blocked at 312
Task N unblocked at 312
Task I unblocked at 314
Task O unblocked at 315
Task V unblocked at 315
Task M unblocked at 316
Task I blocked at 317
Task V blocked at 319
Task L unblocked at 319
Task M finished at 320
Task I unblocked at 320
Task N finished at 321
Task P unblocked at 321
Task T blocked at 325
Task Z unblocked at 325
Task U blocked at 328
Task V unblocked at 330
Task O blocked at 331
Task I finished at 332
Task V blocked at 333
Task P finished at 336
Task T unblocked at 336
Task L finished at 339
Task T blocked at 340
Task Z blocked at 341
Task U unblocked at 341
Task O unblocked at 343
Task O blocked at 344
Task Z unblocked at 344
Task Z blocked at 345
Task T unblocked at 345
Task T blocked at 346
Task U blocked at 347
Task U unblocked at 348
Task U blocked at 350
Task T unblocked at 354
Task V unblocked at 356
Task V finished at 357
Task T blocked at 359
Task U unblocked at 362
Task Z unblocked at 363
Task O unblocked at 364
Task O finished at 366
Task Z blocked at 368
Task U finished at 369
Task T unblocked at 373
Task T finished at 377
Task Z unblocked at 377
Task Z blocked at 379
Task Z unblocked at 388
Task Z finished at 392
Task A: priority=3, start=0, finish=3, deadline=3, runtime=3, blocktime=0, switches=1, bursts=1
Task B: priority=0, start=7, finish=152, deadline=133, runtime=14, blocktime=91, switches=18, bursts=7
Task C: priority=3, start=10, finish=81, deadline=71, runtime=15, blocktime=36, switches=17, bursts=6
Task D: priority=2, start=10, finish=94, deadline=84, runtime=11, blocktime=51, switches=12, bursts=4
Task E: priority=1, start=20, finish=21, deadline=21, runtime=1, blocktime=0, switches=1, bursts=1
Task F: priority=2, start=33, finish=269, deadline=137, runtime=22, blocktime=65, switches=25, bursts=7
Task G: priority=2, start=42, finish=204, deadline=110, runtime=16, blocktime=41, switches=20, bursts=5
Task H: priority=1, start=45, finish=279, deadline=184, runtime=21, blocktime=95, switches=29, bursts=9
Task I: priority=1, start=58, finish=332, deadline=184, runtime=20, blocktime=85, switches=28, bursts=9
Task J: priority=3, start=58, finish=271, deadline=122, runtime=18, blocktime=36, switches=23, bursts=6
Task K: priority=3, start=68, finish=101, deadline=90, runtime=5, blocktime=14, switches=6, bursts=2
Task L: priority=0, start=76, finish=339, deadline=197, runtime=20, blocktime=81, switches=26, bursts=7
Task M: priority=3, start=81, finish=320, deadline=193, runtime=18, blocktime=76, switches=26, bursts=9
Task N: priority=2, start=92, finish=321, deadline=234, runtime=15, blocktime=104, switches=22, bursts=8
Task O: priority=0, start=103, finish=366, deadline=244, runtime=19, blocktime=99, switches=26, bursts=8
Task P: priority=3, start=110, finish=336, deadline=178, runtime=19, blocktime=38, switches=24, bursts=6
Task Q: priority=0, start=114, finish=266, deadline=186, runtime=11, blocktime=49, switches=13, bursts=3
Task R: priority=0, start=116, finish=121, deadline=117, runtime=1, blocktime=0, switches=1, bursts=1
Task S: priority=3, start=119, finish=145, deadline=122, runtime=3, blocktime=0, switches=3, bursts=1
Task T: priority=2, start=127, finish=377, deadline=266, runtime=27, blocktime=89, switches=30, bursts=9
Task U: priority=3, start=132, finish=369, deadline=230, runtime=24, blocktime=58, switches=30, bursts=9
Task V: priority=1, start=139, finish=357, deadline=272, runtime=14, blocktime=97, switches=20, bursts=7
Task W: priority=3, start=152, finish=205, deadline=161, runtime=5, blocktime=3, switches=6, bursts=2
Task X: priority=0, start=159, finish=210, deadline=167, runtime=6, blocktime=1, switches=7, bursts=2
Task Y: priority=1, start=171, finish=294, deadline=219, runtime=6, blocktime=34, switches=8, bursts=3
Task Z: priority=1, start=183, finish=392, deadline=321, runtime=24, blocktime=91, switches=28, bursts=9
