Task A arrived at 0
Task A finished at 3
Task B arrived at 7
Task C arrived at 10
Task D arrived at 10
Task B blocked at 11
Task C blocked at 12
Task B unblocked at 14
Task D blocked at 16
Task C unblocked at 16
Task B blocked at 18
Task C blocked at 20
Task E arrived at 20
Task E finished at 21
Task B unblocked at 28
Task C unblocked at 28
Task B blocked at 30
Task D unblocked at 31
Task C blocked at 32
Task D blocked at 33
Task F arrived at 33
Task F blocked at 37
Task C unblocked at 38
Task C blocked at 42
Task G arrived at 42
Task F unblocked at 44
Task H arrived at 45
Task G blocked at 48
Task F blocked at 50
Task B unblocked at 50
Task D unblocked at 50
Task G unblocked at 51
Task B blocked at 52
Task C unblocked at 53
Task C blocked at 57
Task I arrived at 58
Task J arrived at 58
Task F unblocked at 59
Task C unblocked at 64
Task J blocked at 66
Task C finished at 68
Task K arrived at 68
Task K blocked at 69
Task J unblocked at 69
Task I blocked at 70
Task J blocked at 74
Task B unblocked at 74
Task B blocked at 75
Task H blocked at 76
Task L arrived at 76
Task G blocked at 77
Task L blocked at 78
Task F blocked at 79
Task D blocked at 80
Task H unblocked at 80
Task M arrived at 81
Task B unblocked at 83
Task K unblocked at 83
Task J unblocked at 86
Task G unblocked at 92
Task N arrived at 92
Task H blocked at 93
Task F unblocked at 94
Task I unblocked at 94
Task B blocked at 96
Task I blocked at 97
Task D unblocked at 99
Task I unblocked at 99
Task L unblocked at 99
Task L blocked at 101
Task O arrived at 103
Task O blocked at 104
Task K finished at 106
Task L unblocked at 108
Task M blocked at 109
Task I blocked at 110
Task P arrived at 110
Task N blocked at 112
Task M unblocked at 112
Task F blocked at 113
Task Q arrived at 114
Task H unblocked at 116
Task R arrived at 116
Task M blocked at 117
Task O unblocked at 117
Task R finished at 119
Task I unblocked at 119
Task S arrived at 119
Task J blocked at 120
Task F unblocked at 122
Task B unblocked at 124
Task J unblocked at 125
Task T arrived at 127
Task D finished at 129
Task N unblocked at 129
Task M unblocked at 130
Task U arrived at 132
Task J blocked at 136
Task B finished at 139
Task J unblocked at 139
Task V arrived at 139
Task G blocked at 142
Task L blocked at 146
Task Q blocked at 147
Task P blocked at 148
Task O blocked at 150
Task G unblocked at 151
Task W arrived at 152
Task O unblocked at 155
Task P unblocked at 157
Task F blocked at 158
Task X arrived at 159
Task S finished at 160
Task H blocked at 161
Task I blocked at 163
Task M blocked at 165
Task L unblocked at 165
Task I unblocked at 166
Task F unblocked at 168
Task Q unblocked at 169
Task Y arrived at 171
Task L blocked at 172
Task N blocked at 175
Task U blocked at 177
Task H unblocked at 177
Task M unblocked at 177
Task G blocked at 178
Task P blocked at 180
Task M blocked at 181
Task T blocked at 182
Task Z arrived at 183
Task U unblocked at 186
Task O blocked at 188
Task U blocked at 189
Task M unblocked at 189
Task P unblocked at 189
Task L unblocked at 190
Task Q blocked at 192
Task G unblocked at 192
Task T unblocked at 192
Task N unblocked at 193
Task U unblocked at 195
Task T blocked at 196
Task J blocked at 198
Task X blocked at 200
Task O unblocked at 200
Task X unblocked at 201
Task G finished at 207
Task V blocked at 209
Task F blocked at 210
Task N blocked at 211
Task J unblocked at 211
Task X finished at 215
Task T unblocked at 215
Task Q unblocked at 219
Task H blocked at 220
Task I blocked at 223
Task V unblocked at 223
Task M blocked at 225
Task F unblocked at 225
Task U blocked at 226
Task W blocked at 227
Task O blocked at 228
Task H unblocked at 228
Task N unblocked at 228
Task F finished at 229
Task W unblocked at 230
Task L blocked at 231
Task U unblocked at 232
Task V blocked at 235
Task M unblocked at 235
Task Q finished at 236
Task W finished at 239
Task L unblocked at 239
Task M blocked at 240
Task O unblocked at 240
Task H blocked at 241
Task P blocked at 243
Task T blocked at 244
Task I unblocked at 244
Task N blocked at 245
Task P unblocked at 246
Task O blocked at 248
Task Z blocked at 251
Task T unblocked at 251
Task Y blocked at 252
Task M unblocked at 254
Task I blocked at 257
Task N unblocked at 257
Task Z unblocked at 257
Task N blocked at 258
Task V unblocked at 258
Task H unblocked at 259
Task L blocked at 262
Task H blocked at 264
Task Y unblocked at 264
Task M blocked at 265
Task Y blocked at 267
Task N unblocked at 267
Task V blocked at 269
Task L unblocked at 270
Task N blocked at 271
Task I unblocked at 273
Task O unblocked at 273
Task V unblocked at 273
Task T blocked at 274
Task H unblocked at 275
Task M unblocked at 277
Task J finished at 278
Task O blocked at 281
Task P blocked at 283
Task N unblocked at 286
Task N blocked at 288
Task P unblocked at 289
Task T unblocked at 289
Task Y unblocked at 289
Task L finished at 292
Task U blocked at 293
Task O unblocked at 293
Task T blocked at 298
Task M blocked at 299
Task U unblocked at 299
Task O blocked at 300
Task U blocked at 301
Task I blocked at 302
Task M unblocked at 303
Task M finished at 304
Task N unblocked at 304
Task P blocked at 306
Task U unblocked at 306
Task I unblocked at 309
Task T unblocked at 309
Task Y finished at 311
Task N finished at 313
Task U blocked at 314
Task T blocked at 315
Task Z blocked at 316
Task P unblocked at 317
Task H blocked at 319
Task P finished at 320
Task O unblocked at 320
Task T unblocked at 320
Task O finished at 321
Task T blocked at 322
Task I blocked at 324
Task V blocked at 325
Task I unblocked at 327
Task U unblocked at 327
Task T unblocked at 330
Task I finished at 331
Task H unblocked at 333
Task Z unblocked at 333
Task U blocked at 334
Task U unblocked at 335
Task T blocked at 338
Task U blocked at 339
Task H blocked at 342
Task Z blocked at 343
Task H unblocked at 343
Task H finished at 346
Task V unblocked at 347
Task V blocked at 348
Task Z unblocked at 350
Task U unblocked at 351
Task T unblocked at 352
Task Z blocked at 354
Task U finished at 357
Task V unblocked at 359
Task T finished at 360
Task V blocked at 361
Task Z unblocked at 376
Task Z blocked at 380
Task Z unblocked at 383
Task Z blocked at 384
Task V unblocked at 384
Task V finished at 385
Task Z unblocked at 402
Task Z blocked at 404
Task Z unblocked at 413
Task Z blocked at 415
Task Z unblocked at 424
Task Z finished at 428
Task A: priority=3, start=0, finish=3, deadline=3, runtime=3, blocktime=0, switches=1, bursts=1
Task B: priority=0, start=7, finish=139, deadline=133, runtime=14, blocktime=91, switches=17, bursts=7
Task C: priority=3, start=10, finish=68, deadline=71, runtime=15, blocktime=36, switches=15, bursts=6
Task D: priority=2, start=10, finish=129, deadline=84, runtime=11, blocktime=51, switches=13, bursts=4
Task E: priority=1, start=20, finish=21, deadline=21, runtime=1, blocktime=0, switches=1, bursts=1
Task F: priority=2, start=33, finish=229, deadline=137, runtime=22, blocktime=65, switches=24, bursts=7
Task G: priority=2, start=42, finish=207, deadline=110, runtime=16, blocktime=41, switches=19, bursts=5
Task H: priority=1, start=45, finish=346, deadline=184, runtime=21, blocktime=95, switches=25, bursts=9
Task I: priority=1, start=58, finish=331, deadline=184, runtime=20, blocktime=85, switches=26, bursts=9
Task J: priority=3, start=58, finish=278, deadline=122, runtime=18, blocktime=36, switches=22, bursts=6
Task K: priority=3, start=68, finish=106, deadline=90, runtime=5, blocktime=14, switches=6, bursts=2
Task L: priority=0, start=76, finish=292, deadline=197, runtime=20, blocktime=81, switches=24, bursts=7
Task M: priority=3, start=81, finish=304, deadline=193, runtime=18, blocktime=76, switches=26, bursts=9
Task N: priority=2, start=92, finish=313, deadline=234, runtime=15, blocktime=104, switches=21, bursts=8
Task O: priority=0, start=103, finish=321, deadline=244, runtime=19, blocktime=99, switches=25, bursts=8
Task P: priority=3, start=110, finish=320, deadline=178, runtime=19, blocktime=38, switches=23, bursts=6
Task Q: priority=0, start=114, finish=236, deadline=186, runtime=11, blocktime=49, switches=11, bursts=3
Task R: priority=0, start=116, finish=119, deadline=117, runtime=1, blocktime=0, switches=1, bursts=1
Task S: priority=3, start=119, finish=160, deadline=122, runtime=3, blocktime=0, switches=3, bursts=1
Task T: priority=2, start=127, finish=360, deadline=266, runtime=27, blocktime=89, switches=31, bursts=9
Task U: priority=3, start=132, finish=357, deadline=230, runtime=24, blocktime=58, switches=28, bursts=9
Task V: priority=1, start=139, finish=385, deadline=272, runtime=14, blocktime=97, switches=20, bursts=7
Task W: priority=3, start=152, finish=239, deadline=161, runtime=5, blocktime=3, switches=6, bursts=2
Task X: priority=0, start=159, finish=215, deadline=167, runtime=6, blocktime=1, switches=7, bursts=2
Task Y: priority=1, start=171, finish=311, deadline=219, runtime=6, blocktime=34, switches=8, bursts=3
Task Z: priority=1, start=183, finish=428, deadline=321, runtime=24, blocktime=91, switches=24, bursts=9
